TN:
SF:/home/mohamedsgap/Development/give-it-a-shot/instabug-intern-frontend-task/vue-todos/src/components/CreateTodo.vue
FN:14,(anonymous_1)
FN:20,(anonymous_2)
FNF:2
FNH:2
FNDA:4,(anonymous_1)
FNDA:2,(anonymous_2)
DA:15,4
DA:21,2
DA:22,1
DA:24,2
LF:4
LH:4
BRDA:21,0,0,1
BRDA:21,0,1,1
BRF:2
BRH:2
end_of_record
TN:
SF:/home/mohamedsgap/Development/give-it-a-shot/instabug-intern-frontend-task/vue-todos/src/components/Navbar.vue
FN:42,(anonymous_1)
FNF:1
FNH:1
FNDA:4,(anonymous_1)
DA:43,4
LF:1
LH:1
BRF:0
BRH:0
end_of_record
TN:
SF:/home/mohamedsgap/Development/give-it-a-shot/instabug-intern-frontend-task/vue-todos/src/components/Todo.vue
FN:43,(anonymous_1)
FN:54,(anonymous_2)
FN:60,(anonymous_3)
FN:63,(anonymous_4)
FNF:4
FNH:4
FNDA:6,(anonymous_1)
FNDA:2,(anonymous_2)
FNDA:1,(anonymous_3)
FNDA:1,(anonymous_4)
DA:44,6
DA:55,2
DA:56,1
DA:58,1
DA:59,1
DA:60,2
DA:64,1
DA:65,1
LF:8
LH:8
BRDA:55,0,0,1
BRDA:55,0,1,1
BRF:2
BRH:2
end_of_record
TN:
SF:/home/mohamedsgap/Development/give-it-a-shot/instabug-intern-frontend-task/vue-todos/src/components/TodoList.vue
FN:41,(anonymous_1)
FN:46,(anonymous_2)
FN:51,(anonymous_3)
FN:59,(anonymous_4)
FN:61,(anonymous_5)
FN:68,(anonymous_6)
FN:72,(anonymous_7)
FN:76,(anonymous_8)
FN:77,(anonymous_9)
FN:80,(anonymous_10)
FN:85,(anonymous_11)
FNF:11
FNH:10
FNDA:0,(anonymous_1)
FNDA:10,(anonymous_2)
FNDA:10,(anonymous_3)
FNDA:19,(anonymous_4)
FNDA:2,(anonymous_5)
FNDA:1,(anonymous_6)
FNDA:1,(anonymous_7)
FNDA:1,(anonymous_8)
FNDA:1,(anonymous_9)
FNDA:1,(anonymous_10)
FNDA:4,(anonymous_11)
DA:32,3
DA:33,3
DA:42,0
DA:47,10
DA:53,10
DA:54,10
DA:55,4
DA:60,19
DA:61,4
DA:63,17
DA:69,1
DA:70,1
DA:73,1
DA:74,1
DA:77,2
DA:78,1
DA:81,1
DA:82,1
DA:86,4
DA:87,4
LF:20
LH:19
BRDA:54,0,0,4
BRDA:54,0,1,6
BRDA:60,1,0,2
BRDA:60,1,1,17
BRF:4
BRH:4
end_of_record
TN:
SF:/home/mohamedsgap/Development/give-it-a-shot/instabug-intern-frontend-task/vue-todos/src/views/CompletedTodos.vue
FNF:0
FNH:0
DA:11,1
LF:1
LH:1
BRF:0
BRH:0
end_of_record
TN:
SF:/home/mohamedsgap/Development/give-it-a-shot/instabug-intern-frontend-task/vue-todos/src/views/Home.vue
FNF:0
FNH:0
DA:11,1
LF:1
LH:1
BRF:0
BRH:0
end_of_record
TN:
SF:/home/mohamedsgap/Development/give-it-a-shot/instabug-intern-frontend-task/vue-todos/src/views/Todos.vue
FNF:0
FNH:0
DA:11,1
LF:1
LH:1
BRF:0
BRH:0
end_of_record
